
  Genre Tagger is running at http://localhost:5001
  Logging to /Users/jason.furnell/Sources/Jason_Learning/GenreTagging/output/app.log

 * Serving Flask app 'main'
 * Debug mode: on
INFO:werkzeug:[31m[1mWARNING: This is a development server. Do not use it in a production deployment. Use a production WSGI server instead.[0m
 * Running on http://127.0.0.1:5001
INFO:werkzeug:[33mPress CTRL+C to quit[0m
INFO:werkzeug: * Restarting with stat
WARNING:werkzeug: * Debugger is active!
INFO:werkzeug: * Debugger PIN: 711-910-125
INFO:werkzeug:127.0.0.1 - - [14/Feb/2026 07:52:46] "GET / HTTP/1.1" 200 -
INFO:werkzeug:127.0.0.1 - - [14/Feb/2026 07:53:01] "GET /api/artwork/uncached-count HTTP/1.1" 200 -
INFO:werkzeug:127.0.0.1 - - [14/Feb/2026 07:53:01] "POST /api/artwork/batch HTTP/1.1" 200 -
INFO:werkzeug:127.0.0.1 - - [14/Feb/2026 07:53:01] "POST /api/artwork/download-all HTTP/1.1" 200 -
INFO:werkzeug:127.0.0.1 - - [14/Feb/2026 07:53:21] "GET / HTTP/1.1" 200 -
INFO:werkzeug:127.0.0.1 - - [14/Feb/2026 07:53:21] "GET /static/style.css HTTP/1.1" 200 -
INFO:werkzeug:127.0.0.1 - - [14/Feb/2026 07:53:21] "GET /static/workshop.js HTTP/1.1" 200 -
INFO:werkzeug:127.0.0.1 - - [14/Feb/2026 07:53:21] "GET /static/app.js HTTP/1.1" 200 -
INFO:werkzeug:127.0.0.1 - - [14/Feb/2026 07:53:21] "GET /static/tree.js HTTP/1.1" 200 -
INFO:werkzeug:127.0.0.1 - - [14/Feb/2026 07:53:21] "GET /static/setbuilder.js HTTP/1.1" 200 -
INFO:werkzeug:127.0.0.1 - - [14/Feb/2026 07:53:21] "GET /api/dropbox/status HTTP/1.1" 200 -
INFO:werkzeug:127.0.0.1 - - [14/Feb/2026 07:53:21] "[33mGET /favicon.ico HTTP/1.1[0m" 404 -
INFO:werkzeug:127.0.0.1 - - [14/Feb/2026 07:53:21] "GET /api/restore HTTP/1.1" 200 -
INFO:werkzeug:127.0.0.1 - - [14/Feb/2026 07:53:22] "GET /api/tracks HTTP/1.1" 200 -
INFO:werkzeug:127.0.0.1 - - [14/Feb/2026 07:53:22] "GET /api/set-workshop/state HTTP/1.1" 200 -
INFO:dropbox:Refreshing access token.
DEBUG:urllib3.connectionpool:Starting new HTTPS connection (1): api.dropboxapi.com:443
INFO:werkzeug:127.0.0.1 - - [14/Feb/2026 07:53:22] "GET /api/artwork/uncached-count HTTP/1.1" 200 -
INFO:werkzeug:127.0.0.1 - - [14/Feb/2026 07:53:22] "POST /api/artwork/warm-cache HTTP/1.1" 200 -
INFO:werkzeug:127.0.0.1 - - [14/Feb/2026 07:53:22] "POST /api/artwork/batch HTTP/1.1" 200 -
INFO:werkzeug:127.0.0.1 - - [14/Feb/2026 07:53:22] "GET /artwork/4e5464b66f42206744386b3e76478cf6_small.jpg HTTP/1.1" 200 -
INFO:werkzeug:127.0.0.1 - - [14/Feb/2026 07:53:22] "POST /api/artwork/batch HTTP/1.1" 200 -
INFO:werkzeug:127.0.0.1 - - [14/Feb/2026 07:53:22] "GET /artwork/dde940935d642e1e6c7cd84b13a3d74a_small.jpg HTTP/1.1" 200 -
INFO:werkzeug:127.0.0.1 - - [14/Feb/2026 07:53:22] "GET /artwork/5d174500b3a3cc1370e1c3a31fddddbe_small.jpg HTTP/1.1" 200 -
INFO:werkzeug:127.0.0.1 - - [14/Feb/2026 07:53:22] "GET /artwork/5fc0d468539549f9c96e66a02c1e9197_small.jpg HTTP/1.1" 200 -
INFO:werkzeug:127.0.0.1 - - [14/Feb/2026 07:53:22] "GET /artwork/47247a0e0ed8df160b206eb834866f6c_small.jpg HTTP/1.1" 200 -
INFO:werkzeug:127.0.0.1 - - [14/Feb/2026 07:53:22] "GET /artwork/09988b18b704dd103c624c37da364838_small.jpg HTTP/1.1" 200 -
INFO:werkzeug:127.0.0.1 - - [14/Feb/2026 07:53:22] "GET /artwork/d2acce6a3265e26168654f52bf9c1b75_small.jpg HTTP/1.1" 200 -
INFO:werkzeug:127.0.0.1 - - [14/Feb/2026 07:53:22] "GET /artwork/89962f9e53791b728c4f1c621a40534e_small.jpg HTTP/1.1" 200 -
INFO:werkzeug:127.0.0.1 - - [14/Feb/2026 07:53:22] "POST /api/artwork/batch HTTP/1.1" 200 -
INFO:werkzeug:127.0.0.1 - - [14/Feb/2026 07:53:22] "GET /artwork/a380d0a285a450e396f5dec41ec8d34c_small.jpg HTTP/1.1" 200 -
INFO:werkzeug:127.0.0.1 - - [14/Feb/2026 07:53:22] "GET /artwork/80af9e3fe9286a087f9aa48ed79c982e_small.jpg HTTP/1.1" 200 -
INFO:werkzeug:127.0.0.1 - - [14/Feb/2026 07:53:22] "GET /artwork/35fc46da1464634001cf5dcae939f8e6_small.jpg HTTP/1.1" 200 -
INFO:werkzeug:127.0.0.1 - - [14/Feb/2026 07:53:22] "GET /artwork/f3fb757d2b9dfc5670e7961e16e1e06d_small.jpg HTTP/1.1" 200 -
INFO:werkzeug:127.0.0.1 - - [14/Feb/2026 07:53:22] "GET /artwork/ef974e7fe61ea832d4709d6c95ae1147_small.jpg HTTP/1.1" 200 -
INFO:werkzeug:127.0.0.1 - - [14/Feb/2026 07:53:22] "GET /artwork/8f074338d0a1a850c0c91fe0f5a93308_small.jpg HTTP/1.1" 200 -
INFO:werkzeug:127.0.0.1 - - [14/Feb/2026 07:53:22] "GET /artwork/ec7158a38eb8d5797c2a14a602f91d82_small.jpg HTTP/1.1" 200 -
INFO:werkzeug:127.0.0.1 - - [14/Feb/2026 07:53:22] "GET /artwork/a75ed0a830d8dde5e6e752e822ddfca4_small.jpg HTTP/1.1" 200 -
INFO:werkzeug:127.0.0.1 - - [14/Feb/2026 07:53:22] "GET /artwork/eade97787b09414c0f0cc61fd86d055a_small.jpg HTTP/1.1" 200 -
INFO:werkzeug:127.0.0.1 - - [14/Feb/2026 07:53:22] "GET /artwork/7b214f3cc456fd5337aa9f2ef4002773_small.jpg HTTP/1.1" 200 -
INFO:werkzeug:127.0.0.1 - - [14/Feb/2026 07:53:22] "GET /artwork/480e4b76b61e2092c222b20603f90812_small.jpg HTTP/1.1" 200 -
INFO:werkzeug:127.0.0.1 - - [14/Feb/2026 07:53:22] "GET /artwork/f4a3d1f1bd53add2b79f5b7b29e08ec4_small.jpg HTTP/1.1" 200 -
INFO:werkzeug:127.0.0.1 - - [14/Feb/2026 07:53:22] "GET /artwork/28cb7a51c87ec1573f1d232a9db94b8f_small.jpg HTTP/1.1" 200 -
INFO:werkzeug:127.0.0.1 - - [14/Feb/2026 07:53:22] "GET /artwork/94c2f4f244fc98ef03df174cc484a173_small.jpg HTTP/1.1" 200 -
INFO:werkzeug:127.0.0.1 - - [14/Feb/2026 07:53:22] "GET /artwork/71c3a4227fa62d2048cda40c95628dda_small.jpg HTTP/1.1" 200 -
INFO:werkzeug:127.0.0.1 - - [14/Feb/2026 07:53:22] "GET /artwork/cfbe299451982e2f3afa2e54b2bc0b0a_small.jpg HTTP/1.1" 200 -
INFO:werkzeug:127.0.0.1 - - [14/Feb/2026 07:53:22] "GET /artwork/fa40ceb8b76d3d7bb47da555a3d210f8_small.jpg HTTP/1.1" 200 -
INFO:werkzeug:127.0.0.1 - - [14/Feb/2026 07:53:22] "GET /artwork/7448af61b514c19b950eec5e8b918f65_small.jpg HTTP/1.1" 200 -
INFO:werkzeug:127.0.0.1 - - [14/Feb/2026 07:53:22] "GET /artwork/77a14b36411edc19591611f78ab38283_small.jpg HTTP/1.1" 200 -
INFO:werkzeug:127.0.0.1 - - [14/Feb/2026 07:53:22] "GET /artwork/ae1735ed127fa6321b55f4799f9a14ca_small.jpg HTTP/1.1" 200 -
INFO:werkzeug:127.0.0.1 - - [14/Feb/2026 07:53:22] "GET /artwork/fbd8db18874cea5006d50f4c7df3f3af_small.jpg HTTP/1.1" 200 -
INFO:werkzeug:127.0.0.1 - - [14/Feb/2026 07:53:22] "GET /artwork/ad1dd328b624dcdfa456ed872deb09b9_small.jpg HTTP/1.1" 200 -
INFO:werkzeug:127.0.0.1 - - [14/Feb/2026 07:53:22] "GET /artwork/b1fa09a480796371a06d380adfac8eb5_small.jpg HTTP/1.1" 200 -
INFO:werkzeug:127.0.0.1 - - [14/Feb/2026 07:53:22] "GET /artwork/68c0041ee250aef549c2ad5a89d84ec0_small.jpg HTTP/1.1" 200 -
INFO:werkzeug:127.0.0.1 - - [14/Feb/2026 07:53:22] "GET /artwork/b1d0bdb91b2c40abcaedd6bd36cbad39_small.jpg HTTP/1.1" 200 -
INFO:werkzeug:127.0.0.1 - - [14/Feb/2026 07:53:22] "GET /artwork/53a7189f47826719437f5da88629e63a_small.jpg HTTP/1.1" 200 -
INFO:werkzeug:127.0.0.1 - - [14/Feb/2026 07:53:22] "GET /artwork/dcf1f0b51ba3f2a3229e71b1fe259398_small.jpg HTTP/1.1" 200 -
INFO:werkzeug:127.0.0.1 - - [14/Feb/2026 07:53:22] "GET /artwork/3c8a2e5dbdddae0e5c95f4cc7575b6bf_small.jpg HTTP/1.1" 200 -
INFO:werkzeug:127.0.0.1 - - [14/Feb/2026 07:53:22] "GET /artwork/fe93bd929daf0bab15b9ee56184fdbc9_small.jpg HTTP/1.1" 200 -
INFO:werkzeug:127.0.0.1 - - [14/Feb/2026 07:53:22] "GET /artwork/eceecef04a69212bd02a1ca35e5e5d52_small.jpg HTTP/1.1" 200 -
INFO:werkzeug:127.0.0.1 - - [14/Feb/2026 07:53:22] "GET /artwork/ec5e356c7d0215ea9959f838be72987a_small.jpg HTTP/1.1" 200 -
INFO:werkzeug:127.0.0.1 - - [14/Feb/2026 07:53:22] "GET /artwork/9b37474f168ca983a7aa0b2f3f5d28fb_small.jpg HTTP/1.1" 200 -
INFO:werkzeug:127.0.0.1 - - [14/Feb/2026 07:53:22] "GET /artwork/9cd904ba135e360c2a8afdb2e181abc5_small.jpg HTTP/1.1" 200 -
INFO:werkzeug:127.0.0.1 - - [14/Feb/2026 07:53:22] "GET /artwork/80555ede88c7f5534d27d07d6c82fe42_small.jpg HTTP/1.1" 200 -
INFO:werkzeug:127.0.0.1 - - [14/Feb/2026 07:53:22] "GET /artwork/4631a2223195b3c7894e536a0ecde947_small.jpg HTTP/1.1" 200 -
INFO:werkzeug:127.0.0.1 - - [14/Feb/2026 07:53:22] "GET /artwork/f376c9945b8bd34a5b70aa34234f95f3_small.jpg HTTP/1.1" 200 -
DEBUG:urllib3.connectionpool:https://api.dropboxapi.com:443 "POST /oauth2/token HTTP/1.1" 200 None
INFO:dropbox:Request to files/get_metadata
ERROR:root:Deezer artwork lookup failed for Basement Jaxx - Red Alert (Jaxx Radio Mix)
Traceback (most recent call last):
  File "/Users/jason.furnell/Sources/Jason_Learning/GenreTagging/app/routes.py", line 2068, in _lookup_artwork
    with urllib.request.urlopen(req, timeout=5) as resp:
         ~~~~~~~~~~~~~~~~~~~~~~^^^^^^^^^^^^^^^^
  File "/opt/homebrew/Cellar/python@3.13/3.13.11/Frameworks/Python.framework/Versions/3.13/lib/python3.13/urllib/request.py", line 189, in urlopen
    return opener.open(url, data, timeout)
           ~~~~~~~~~~~^^^^^^^^^^^^^^^^^^^^
  File "/opt/homebrew/Cellar/python@3.13/3.13.11/Frameworks/Python.framework/Versions/3.13/lib/python3.13/urllib/request.py", line 495, in open
    response = meth(req, response)
  File "/opt/homebrew/Cellar/python@3.13/3.13.11/Frameworks/Python.framework/Versions/3.13/lib/python3.13/urllib/request.py", line 604, in http_response
    response = self.parent.error(
        'http', request, response, code, msg, hdrs)
  File "/opt/homebrew/Cellar/python@3.13/3.13.11/Frameworks/Python.framework/Versions/3.13/lib/python3.13/urllib/request.py", line 533, in error
    return self._call_chain(*args)
           ~~~~~~~~~~~~~~~~^^^^^^^
  File "/opt/homebrew/Cellar/python@3.13/3.13.11/Frameworks/Python.framework/Versions/3.13/lib/python3.13/urllib/request.py", line 466, in _call_chain
    result = func(*args)
  File "/opt/homebrew/Cellar/python@3.13/3.13.11/Frameworks/Python.framework/Versions/3.13/lib/python3.13/urllib/request.py", line 613, in http_error_default
    raise HTTPError(req.full_url, code, msg, hdrs, fp)
urllib.error.HTTPError: HTTP Error 403: Forbidden
DEBUG:urllib3.connectionpool:https://api.dropboxapi.com:443 "POST /2/files/get_metadata HTTP/1.1" 200 None
INFO:dropbox:Request to files/get_metadata
DEBUG:urllib3.connectionpool:https://api.dropboxapi.com:443 "POST /2/files/get_metadata HTTP/1.1" 200 None
INFO:dropbox:Request to files/get_metadata
DEBUG:urllib3.connectionpool:https://api.dropboxapi.com:443 "POST /2/files/get_metadata HTTP/1.1" 200 None
INFO:dropbox:Request to files/get_metadata
DEBUG:urllib3.connectionpool:https://api.dropboxapi.com:443 "POST /2/files/get_metadata HTTP/1.1" 200 None
INFO:dropbox:Request to files/get_metadata
INFO:werkzeug:127.0.0.1 - - [14/Feb/2026 07:53:23] "GET /api/artwork/warm-cache/status HTTP/1.1" 200 -
DEBUG:urllib3.connectionpool:https://api.dropboxapi.com:443 "POST /2/files/get_metadata HTTP/1.1" 200 None
INFO:dropbox:Request to files/get_metadata
DEBUG:urllib3.connectionpool:https://api.dropboxapi.com:443 "POST /2/files/get_metadata HTTP/1.1" 200 None
INFO:dropbox:Request to files/get_metadata
DEBUG:urllib3.connectionpool:https://api.dropboxapi.com:443 "POST /2/files/get_metadata HTTP/1.1" 200 None
INFO:dropbox:Request to files/get_metadata
INFO:werkzeug:127.0.0.1 - - [14/Feb/2026 07:53:24] "POST /api/artwork/download-all HTTP/1.1" 200 -
INFO:werkzeug:127.0.0.1 - - [14/Feb/2026 07:53:24] "POST /api/artwork/retry-not-found HTTP/1.1" 200 -
DEBUG:urllib3.connectionpool:https://api.dropboxapi.com:443 "POST /2/files/get_metadata HTTP/1.1" 200 None
INFO:dropbox:Request to files/get_metadata
DEBUG:urllib3.connectionpool:https://api.dropboxapi.com:443 "POST /2/files/get_metadata HTTP/1.1" 200 None
INFO:dropbox:Request to files/get_metadata
DEBUG:urllib3.connectionpool:https://api.dropboxapi.com:443 "POST /2/files/get_metadata HTTP/1.1" 200 None
INFO:dropbox:Request to files/get_metadata
DEBUG:urllib3.connectionpool:https://api.dropboxapi.com:443 "POST /2/files/get_metadata HTTP/1.1" 200 None
INFO:dropbox:Request to files/get_metadata
DEBUG:urllib3.connectionpool:https://api.dropboxapi.com:443 "POST /2/files/get_metadata HTTP/1.1" 200 None
INFO:dropbox:Request to files/get_metadata
DEBUG:urllib3.connectionpool:https://api.dropboxapi.com:443 "POST /2/files/get_metadata HTTP/1.1" 200 None
INFO:dropbox:Request to files/get_metadata
DEBUG:urllib3.connectionpool:https://api.dropboxapi.com:443 "POST /2/files/get_metadata HTTP/1.1" 200 None
INFO:dropbox:Request to files/get_metadata
DEBUG:urllib3.connectionpool:https://api.dropboxapi.com:443 "POST /2/files/get_metadata HTTP/1.1" 200 None
INFO:dropbox:Request to files/get_metadata
DEBUG:urllib3.connectionpool:https://api.dropboxapi.com:443 "POST /2/files/get_metadata HTTP/1.1" 200 None
INFO:dropbox:Request to files/get_metadata
DEBUG:urllib3.connectionpool:https://api.dropboxapi.com:443 "POST /2/files/get_metadata HTTP/1.1" 200 None
INFO:dropbox:Request to files/get_metadata
DEBUG:urllib3.connectionpool:https://api.dropboxapi.com:443 "POST /2/files/get_metadata HTTP/1.1" 200 None
INFO:dropbox:Request to files/get_metadata
DEBUG:urllib3.connectionpool:https://api.dropboxapi.com:443 "POST /2/files/get_metadata HTTP/1.1" 200 None
INFO:dropbox:Request to files/get_metadata
DEBUG:urllib3.connectionpool:https://api.dropboxapi.com:443 "POST /2/files/get_metadata HTTP/1.1" 200 None
INFO:dropbox:Request to files/get_metadata
DEBUG:urllib3.connectionpool:https://api.dropboxapi.com:443 "POST /2/files/get_metadata HTTP/1.1" 200 None
INFO:dropbox:Request to files/get_metadata
DEBUG:urllib3.connectionpool:https://api.dropboxapi.com:443 "POST /2/files/get_metadata HTTP/1.1" 200 None
INFO:dropbox:Request to files/get_metadata
DEBUG:urllib3.connectionpool:https://api.dropboxapi.com:443 "POST /2/files/get_metadata HTTP/1.1" 200 None
INFO:dropbox:Request to files/get_metadata
DEBUG:urllib3.connectionpool:https://api.dropboxapi.com:443 "POST /2/files/get_metadata HTTP/1.1" 200 None
INFO:dropbox:Request to files/get_metadata
DEBUG:urllib3.connectionpool:https://api.dropboxapi.com:443 "POST /2/files/get_metadata HTTP/1.1" 200 None
INFO:dropbox:Request to files/get_metadata
DEBUG:urllib3.connectionpool:https://api.dropboxapi.com:443 "POST /2/files/get_metadata HTTP/1.1" 200 None
INFO:dropbox:Request to files/get_metadata
DEBUG:urllib3.connectionpool:https://api.dropboxapi.com:443 "POST /2/files/get_metadata HTTP/1.1" 200 None
INFO:dropbox:Request to files/get_metadata
DEBUG:urllib3.connectionpool:https://api.dropboxapi.com:443 "POST /2/files/get_metadata HTTP/1.1" 200 None
INFO:dropbox:Request to files/get_metadata
DEBUG:urllib3.connectionpool:https://api.dropboxapi.com:443 "POST /2/files/get_metadata HTTP/1.1" 200 None
INFO:dropbox:Request to files/get_metadata
DEBUG:urllib3.connectionpool:https://api.dropboxapi.com:443 "POST /2/files/get_metadata HTTP/1.1" 200 None
INFO:dropbox:Request to files/get_metadata
DEBUG:urllib3.connectionpool:https://api.dropboxapi.com:443 "POST /2/files/get_metadata HTTP/1.1" 200 None
INFO:dropbox:Request to files/get_metadata
DEBUG:urllib3.connectionpool:https://api.dropboxapi.com:443 "POST /2/files/get_metadata HTTP/1.1" 200 None
INFO:dropbox:Request to files/get_metadata
DEBUG:urllib3.connectionpool:https://api.dropboxapi.com:443 "POST /2/files/get_metadata HTTP/1.1" 200 None
INFO:dropbox:Request to files/get_metadata
DEBUG:urllib3.connectionpool:https://api.dropboxapi.com:443 "POST /2/files/get_metadata HTTP/1.1" 200 None
INFO:dropbox:Request to files/get_metadata
DEBUG:urllib3.connectionpool:https://api.dropboxapi.com:443 "POST /2/files/get_metadata HTTP/1.1" 200 None
INFO:dropbox:Request to files/get_metadata
DEBUG:urllib3.connectionpool:https://api.dropboxapi.com:443 "POST /2/files/get_metadata HTTP/1.1" 200 None
INFO:dropbox:Request to files/get_metadata
DEBUG:urllib3.connectionpool:https://api.dropboxapi.com:443 "POST /2/files/get_metadata HTTP/1.1" 200 None
INFO:dropbox:Request to files/get_metadata
DEBUG:urllib3.connectionpool:https://api.dropboxapi.com:443 "POST /2/files/get_metadata HTTP/1.1" 200 None
INFO:dropbox:Request to files/get_metadata
DEBUG:urllib3.connectionpool:https://api.dropboxapi.com:443 "POST /2/files/get_metadata HTTP/1.1" 200 None
INFO:dropbox:Request to files/get_metadata
DEBUG:urllib3.connectionpool:https://api.dropboxapi.com:443 "POST /2/files/get_metadata HTTP/1.1" 200 None
INFO:dropbox:Request to files/get_metadata
DEBUG:urllib3.connectionpool:https://api.dropboxapi.com:443 "POST /2/files/get_metadata HTTP/1.1" 200 None
INFO:dropbox:Request to files/get_metadata
DEBUG:urllib3.connectionpool:https://api.dropboxapi.com:443 "POST /2/files/get_metadata HTTP/1.1" 200 None
INFO:dropbox:Request to files/get_metadata
DEBUG:urllib3.connectionpool:https://api.dropboxapi.com:443 "POST /2/files/get_metadata HTTP/1.1" 200 None
INFO:dropbox:Request to files/get_metadata
DEBUG:urllib3.connectionpool:https://api.dropboxapi.com:443 "POST /2/files/get_metadata HTTP/1.1" 200 None
INFO:dropbox:Request to files/get_metadata
DEBUG:urllib3.connectionpool:https://api.dropboxapi.com:443 "POST /2/files/get_metadata HTTP/1.1" 200 None
INFO:dropbox:Request to files/get_metadata
DEBUG:urllib3.connectionpool:https://api.dropboxapi.com:443 "POST /2/files/get_metadata HTTP/1.1" 200 None
INFO:dropbox:Request to files/get_metadata
DEBUG:urllib3.connectionpool:https://api.dropboxapi.com:443 "POST /2/files/get_metadata HTTP/1.1" 200 None
INFO:dropbox:Request to files/get_metadata
DEBUG:urllib3.connectionpool:https://api.dropboxapi.com:443 "POST /2/files/get_metadata HTTP/1.1" 200 None
INFO:dropbox:Request to files/get_metadata
DEBUG:urllib3.connectionpool:https://api.dropboxapi.com:443 "POST /2/files/get_metadata HTTP/1.1" 200 None
INFO:dropbox:Request to files/get_metadata
DEBUG:urllib3.connectionpool:https://api.dropboxapi.com:443 "POST /2/files/get_metadata HTTP/1.1" 200 None
INFO:dropbox:Request to files/get_metadata
DEBUG:urllib3.connectionpool:https://api.dropboxapi.com:443 "POST /2/files/get_metadata HTTP/1.1" 200 None
INFO:dropbox:Request to files/get_metadata
DEBUG:urllib3.connectionpool:https://api.dropboxapi.com:443 "POST /2/files/get_metadata HTTP/1.1" 200 None
INFO:dropbox:Request to files/get_metadata
DEBUG:urllib3.connectionpool:https://api.dropboxapi.com:443 "POST /2/files/get_metadata HTTP/1.1" 200 None
INFO:dropbox:Request to files/get_metadata
DEBUG:urllib3.connectionpool:https://api.dropboxapi.com:443 "POST /2/files/get_metadata HTTP/1.1" 200 None
INFO:dropbox:Request to files/get_metadata
DEBUG:urllib3.connectionpool:https://api.dropboxapi.com:443 "POST /2/files/get_metadata HTTP/1.1" 200 None
INFO:dropbox:Request to files/get_metadata
DEBUG:urllib3.connectionpool:https://api.dropboxapi.com:443 "POST /2/files/get_metadata HTTP/1.1" 200 None
INFO:dropbox:Request to files/get_metadata
DEBUG:urllib3.connectionpool:https://api.dropboxapi.com:443 "POST /2/files/get_metadata HTTP/1.1" 200 None
INFO:dropbox:Request to files/get_metadata
DEBUG:urllib3.connectionpool:https://api.dropboxapi.com:443 "POST /2/files/get_metadata HTTP/1.1" 200 None
INFO:dropbox:Request to files/get_metadata
DEBUG:urllib3.connectionpool:https://api.dropboxapi.com:443 "POST /2/files/get_metadata HTTP/1.1" 200 None
INFO:dropbox:Request to files/get_metadata
DEBUG:urllib3.connectionpool:https://api.dropboxapi.com:443 "POST /2/files/get_metadata HTTP/1.1" 200 None
INFO:dropbox:Request to files/get_metadata
DEBUG:urllib3.connectionpool:https://api.dropboxapi.com:443 "POST /2/files/get_metadata HTTP/1.1" 200 None
INFO:dropbox:Request to files/get_metadata
DEBUG:urllib3.connectionpool:https://api.dropboxapi.com:443 "POST /2/files/get_metadata HTTP/1.1" 200 None
INFO:dropbox:Request to files/get_metadata
DEBUG:urllib3.connectionpool:https://api.dropboxapi.com:443 "POST /2/files/get_metadata HTTP/1.1" 200 None
INFO:dropbox:Request to files/get_metadata
DEBUG:urllib3.connectionpool:https://api.dropboxapi.com:443 "POST /2/files/get_metadata HTTP/1.1" 200 None
INFO:dropbox:Request to files/get_metadata
DEBUG:urllib3.connectionpool:https://api.dropboxapi.com:443 "POST /2/files/get_metadata HTTP/1.1" 200 None
INFO:dropbox:Request to files/get_metadata
DEBUG:urllib3.connectionpool:https://api.dropboxapi.com:443 "POST /2/files/get_metadata HTTP/1.1" 200 None
INFO:dropbox:Request to files/get_metadata
DEBUG:urllib3.connectionpool:https://api.dropboxapi.com:443 "POST /2/files/get_metadata HTTP/1.1" 200 None
INFO:dropbox:Request to files/get_metadata
DEBUG:urllib3.connectionpool:https://api.dropboxapi.com:443 "POST /2/files/get_metadata HTTP/1.1" 200 None
INFO:dropbox:Request to files/get_metadata
DEBUG:urllib3.connectionpool:https://api.dropboxapi.com:443 "POST /2/files/get_metadata HTTP/1.1" 200 None
INFO:dropbox:Request to files/get_metadata
DEBUG:urllib3.connectionpool:https://api.dropboxapi.com:443 "POST /2/files/get_metadata HTTP/1.1" 200 None
INFO:dropbox:Request to files/get_metadata
DEBUG:urllib3.connectionpool:https://api.dropboxapi.com:443 "POST /2/files/get_metadata HTTP/1.1" 200 None
INFO:dropbox:Request to files/get_metadata
DEBUG:urllib3.connectionpool:https://api.dropboxapi.com:443 "POST /2/files/get_metadata HTTP/1.1" 200 None
INFO:dropbox:Request to files/get_metadata
DEBUG:urllib3.connectionpool:https://api.dropboxapi.com:443 "POST /2/files/get_metadata HTTP/1.1" 200 None
INFO:dropbox:Request to files/get_metadata
DEBUG:urllib3.connectionpool:https://api.dropboxapi.com:443 "POST /2/files/get_metadata HTTP/1.1" 200 None
INFO:dropbox:Request to files/get_metadata
DEBUG:urllib3.connectionpool:https://api.dropboxapi.com:443 "POST /2/files/get_metadata HTTP/1.1" 200 None
INFO:dropbox:Request to files/get_metadata
DEBUG:urllib3.connectionpool:https://api.dropboxapi.com:443 "POST /2/files/get_metadata HTTP/1.1" 200 None
INFO:dropbox:Request to files/get_metadata
DEBUG:urllib3.connectionpool:https://api.dropboxapi.com:443 "POST /2/files/get_metadata HTTP/1.1" 200 None
INFO:dropbox:Request to files/get_metadata
DEBUG:urllib3.connectionpool:https://api.dropboxapi.com:443 "POST /2/files/get_metadata HTTP/1.1" 200 None
INFO:dropbox:Request to files/get_metadata
DEBUG:urllib3.connectionpool:https://api.dropboxapi.com:443 "POST /2/files/get_metadata HTTP/1.1" 200 None
INFO:dropbox:Request to files/get_metadata
DEBUG:urllib3.connectionpool:https://api.dropboxapi.com:443 "POST /2/files/get_metadata HTTP/1.1" 200 None
INFO:dropbox:Request to files/get_metadata
DEBUG:urllib3.connectionpool:https://api.dropboxapi.com:443 "POST /2/files/get_metadata HTTP/1.1" 200 None
INFO:dropbox:Request to files/get_metadata
DEBUG:urllib3.connectionpool:https://api.dropboxapi.com:443 "POST /2/files/get_metadata HTTP/1.1" 200 None
INFO:dropbox:Request to files/get_metadata
DEBUG:urllib3.connectionpool:https://api.dropboxapi.com:443 "POST /2/files/get_metadata HTTP/1.1" 200 None
INFO:dropbox:Request to files/get_metadata
DEBUG:urllib3.connectionpool:https://api.dropboxapi.com:443 "POST /2/files/get_metadata HTTP/1.1" 200 None
INFO:dropbox:Request to files/get_metadata
DEBUG:urllib3.connectionpool:https://api.dropboxapi.com:443 "POST /2/files/get_metadata HTTP/1.1" 200 None
INFO:dropbox:Request to files/get_metadata
DEBUG:urllib3.connectionpool:https://api.dropboxapi.com:443 "POST /2/files/get_metadata HTTP/1.1" 200 None
INFO:dropbox:Request to files/get_metadata
DEBUG:urllib3.connectionpool:https://api.dropboxapi.com:443 "POST /2/files/get_metadata HTTP/1.1" 200 None
INFO:dropbox:Request to files/get_metadata
DEBUG:urllib3.connectionpool:https://api.dropboxapi.com:443 "POST /2/files/get_metadata HTTP/1.1" 200 None
INFO:dropbox:Request to files/get_metadata
DEBUG:urllib3.connectionpool:https://api.dropboxapi.com:443 "POST /2/files/get_metadata HTTP/1.1" 200 None
INFO:dropbox:Request to files/get_metadata
DEBUG:urllib3.connectionpool:https://api.dropboxapi.com:443 "POST /2/files/get_metadata HTTP/1.1" 200 None
INFO:dropbox:Request to files/get_metadata
DEBUG:urllib3.connectionpool:https://api.dropboxapi.com:443 "POST /2/files/get_metadata HTTP/1.1" 200 None
INFO:dropbox:Request to files/get_metadata
DEBUG:urllib3.connectionpool:https://api.dropboxapi.com:443 "POST /2/files/get_metadata HTTP/1.1" 200 None
INFO:dropbox:Request to files/get_metadata
DEBUG:urllib3.connectionpool:https://api.dropboxapi.com:443 "POST /2/files/get_metadata HTTP/1.1" 200 None
INFO:dropbox:Request to files/get_metadata
DEBUG:urllib3.connectionpool:https://api.dropboxapi.com:443 "POST /2/files/get_metadata HTTP/1.1" 200 None
INFO:dropbox:Request to files/get_metadata
DEBUG:urllib3.connectionpool:https://api.dropboxapi.com:443 "POST /2/files/get_metadata HTTP/1.1" 200 None
INFO:dropbox:Request to files/get_metadata
DEBUG:urllib3.connectionpool:https://api.dropboxapi.com:443 "POST /2/files/get_metadata HTTP/1.1" 200 None
INFO:dropbox:Request to files/get_metadata
DEBUG:urllib3.connectionpool:https://api.dropboxapi.com:443 "POST /2/files/get_metadata HTTP/1.1" 200 None
INFO:dropbox:Request to files/get_metadata
DEBUG:urllib3.connectionpool:https://api.dropboxapi.com:443 "POST /2/files/get_metadata HTTP/1.1" 200 None
INFO:dropbox:Request to files/get_metadata
DEBUG:urllib3.connectionpool:https://api.dropboxapi.com:443 "POST /2/files/get_metadata HTTP/1.1" 200 None
INFO:dropbox:Request to files/get_metadata
DEBUG:urllib3.connectionpool:https://api.dropboxapi.com:443 "POST /2/files/get_metadata HTTP/1.1" 200 None
INFO:dropbox:Request to files/get_metadata
DEBUG:urllib3.connectionpool:https://api.dropboxapi.com:443 "POST /2/files/get_metadata HTTP/1.1" 200 None
INFO:dropbox:Request to files/get_metadata
DEBUG:urllib3.connectionpool:https://api.dropboxapi.com:443 "POST /2/files/get_metadata HTTP/1.1" 200 None
INFO:dropbox:Request to files/get_metadata
DEBUG:urllib3.connectionpool:https://api.dropboxapi.com:443 "POST /2/files/get_metadata HTTP/1.1" 200 None
INFO:dropbox:Request to files/get_metadata
DEBUG:urllib3.connectionpool:https://api.dropboxapi.com:443 "POST /2/files/get_metadata HTTP/1.1" 200 None
INFO:dropbox:Request to files/get_metadata
DEBUG:urllib3.connectionpool:https://api.dropboxapi.com:443 "POST /2/files/get_metadata HTTP/1.1" 200 None
INFO:dropbox:Request to files/get_metadata
DEBUG:urllib3.connectionpool:https://api.dropboxapi.com:443 "POST /2/files/get_metadata HTTP/1.1" 200 None
INFO:dropbox:Request to files/get_metadata
DEBUG:urllib3.connectionpool:https://api.dropboxapi.com:443 "POST /2/files/get_metadata HTTP/1.1" 200 None
INFO:dropbox:Request to files/get_metadata
DEBUG:urllib3.connectionpool:https://api.dropboxapi.com:443 "POST /2/files/get_metadata HTTP/1.1" 200 None
INFO:dropbox:Request to files/get_metadata
DEBUG:urllib3.connectionpool:https://api.dropboxapi.com:443 "POST /2/files/get_metadata HTTP/1.1" 200 None
INFO:dropbox:Request to files/get_metadata
DEBUG:urllib3.connectionpool:https://api.dropboxapi.com:443 "POST /2/files/get_metadata HTTP/1.1" 200 None
INFO:dropbox:Request to files/get_metadata
DEBUG:urllib3.connectionpool:https://api.dropboxapi.com:443 "POST /2/files/get_metadata HTTP/1.1" 200 None
INFO:dropbox:Request to files/get_metadata
DEBUG:urllib3.connectionpool:https://api.dropboxapi.com:443 "POST /2/files/get_metadata HTTP/1.1" 200 None
INFO:dropbox:Request to files/get_metadata
DEBUG:urllib3.connectionpool:https://api.dropboxapi.com:443 "POST /2/files/get_metadata HTTP/1.1" 200 None
INFO:dropbox:Request to files/get_metadata
DEBUG:urllib3.connectionpool:https://api.dropboxapi.com:443 "POST /2/files/get_metadata HTTP/1.1" 200 None
INFO:dropbox:Request to files/get_metadata
DEBUG:urllib3.connectionpool:https://api.dropboxapi.com:443 "POST /2/files/get_metadata HTTP/1.1" 200 None
INFO:werkzeug:127.0.0.1 - - [14/Feb/2026 07:53:56] "POST /api/set-workshop/check-audio HTTP/1.1" 200 -
 [INFO] dropbox: Request to files/get_metadata
2026-02-14 07:53:45,763 [DEBUG] urllib3.connectionpool: https://api.dropboxapi.com:443 "POST /2/files/get_metadata HTTP/1.1" 200 None
2026-02-14 07:53:45,765 [INFO] dropbox: Request to files/get_metadata
2026-02-14 07:53:46,036 [DEBUG] urllib3.connectionpool: https://api.dropboxapi.com:443 "POST /2/files/get_metadata HTTP/1.1" 200 None
2026-02-14 07:53:46,038 [INFO] dropbox: Request to files/get_metadata
2026-02-14 07:53:46,279 [DEBUG] urllib3.connectionpool: https://api.dropboxapi.com:443 "POST /2/files/get_metadata HTTP/1.1" 200 None
2026-02-14 07:53:46,282 [INFO] dropbox: Request to files/get_metadata
2026-02-14 07:53:46,549 [DEBUG] urllib3.connectionpool: https://api.dropboxapi.com:443 "POST /2/files/get_metadata HTTP/1.1" 200 None
2026-02-14 07:53:46,551 [INFO] dropbox: Request to files/get_metadata
2026-02-14 07:53:46,778 [DEBUG] urllib3.connectionpool: https://api.dropboxapi.com:443 "POST /2/files/get_metadata HTTP/1.1" 200 None
2026-02-14 07:53:46,782 [INFO] dropbox: Request to files/get_metadata
2026-02-14 07:53:47,060 [DEBUG] urllib3.connectionpool: https://api.dropboxapi.com:443 "POST /2/files/get_metadata HTTP/1.1" 200 None
2026-02-14 07:53:47,061 [INFO] dropbox: Request to files/get_metadata
2026-02-14 07:53:47,293 [DEBUG] urllib3.connectionpool: https://api.dropboxapi.com:443 "POST /2/files/get_metadata HTTP/1.1" 200 None
2026-02-14 07:53:47,297 [INFO] dropbox: Request to files/get_metadata
2026-02-14 07:53:47,779 [DEBUG] urllib3.connectionpool: https://api.dropboxapi.com:443 "POST /2/files/get_metadata HTTP/1.1" 200 None
2026-02-14 07:53:47,783 [INFO] dropbox: Request to files/get_metadata
2026-02-14 07:53:48,084 [DEBUG] urllib3.connectionpool: https://api.dropboxapi.com:443 "POST /2/files/get_metadata HTTP/1.1" 200 None
2026-02-14 07:53:48,085 [INFO] dropbox: Request to files/get_metadata
2026-02-14 07:53:48,332 [DEBUG] urllib3.connectionpool: https://api.dropboxapi.com:443 "POST /2/files/get_metadata HTTP/1.1" 200 None
2026-02-14 07:53:48,334 [INFO] dropbox: Request to files/get_metadata
2026-02-14 07:53:48,597 [DEBUG] urllib3.connectionpool: https://api.dropboxapi.com:443 "POST /2/files/get_metadata HTTP/1.1" 200 None
2026-02-14 07:53:48,599 [INFO] dropbox: Request to files/get_metadata
2026-02-14 07:53:48,869 [DEBUG] urllib3.connectionpool: https://api.dropboxapi.com:443 "POST /2/files/get_metadata HTTP/1.1" 200 None
2026-02-14 07:53:48,873 [INFO] dropbox: Request to files/get_metadata
2026-02-14 07:53:49,210 [DEBUG] urllib3.connectionpool: https://api.dropboxapi.com:443 "POST /2/files/get_metadata HTTP/1.1" 200 None
2026-02-14 07:53:49,212 [INFO] dropbox: Request to files/get_metadata
2026-02-14 07:53:49,626 [DEBUG] urllib3.connectionpool: https://api.dropboxapi.com:443 "POST /2/files/get_metadata HTTP/1.1" 200 None
2026-02-14 07:53:49,630 [INFO] dropbox: Request to files/get_metadata
2026-02-14 07:53:49,876 [DEBUG] urllib3.connectionpool: https://api.dropboxapi.com:443 "POST /2/files/get_metadata HTTP/1.1" 200 None
2026-02-14 07:53:49,878 [INFO] dropbox: Request to files/get_metadata
2026-02-14 07:53:50,132 [DEBUG] urllib3.connectionpool: https://api.dropboxapi.com:443 "POST /2/files/get_metadata HTTP/1.1" 200 None
2026-02-14 07:53:50,134 [INFO] dropbox: Request to files/get_metadata
2026-02-14 07:53:50,366 [DEBUG] urllib3.connectionpool: https://api.dropboxapi.com:443 "POST /2/files/get_metadata HTTP/1.1" 200 None
2026-02-14 07:53:50,369 [INFO] dropbox: Request to files/get_metadata
2026-02-14 07:53:50,644 [DEBUG] urllib3.connectionpool: https://api.dropboxapi.com:443 "POST /2/files/get_metadata HTTP/1.1" 200 None
2026-02-14 07:53:50,646 [INFO] dropbox: Request to files/get_metadata
2026-02-14 07:53:50,899 [DEBUG] urllib3.connectionpool: https://api.dropboxapi.com:443 "POST /2/files/get_metadata HTTP/1.1" 200 None
2026-02-14 07:53:50,901 [INFO] dropbox: Request to files/get_metadata
2026-02-14 07:53:51,156 [DEBUG] urllib3.connectionpool: https://api.dropboxapi.com:443 "POST /2/files/get_metadata HTTP/1.1" 200 None
2026-02-14 07:53:51,160 [INFO] dropbox: Request to files/get_metadata
2026-02-14 07:53:51,411 [DEBUG] urllib3.connectionpool: https://api.dropboxapi.com:443 "POST /2/files/get_metadata HTTP/1.1" 200 None
2026-02-14 07:53:51,413 [INFO] dropbox: Request to files/get_metadata
2026-02-14 07:53:51,640 [DEBUG] urllib3.connectionpool: https://api.dropboxapi.com:443 "POST /2/files/get_metadata HTTP/1.1" 200 None
2026-02-14 07:53:51,644 [INFO] dropbox: Request to files/get_metadata
2026-02-14 07:53:51,940 [DEBUG] urllib3.connectionpool: https://api.dropboxapi.com:443 "POST /2/files/get_metadata HTTP/1.1" 200 None
2026-02-14 07:53:51,942 [INFO] dropbox: Request to files/get_metadata
2026-02-14 07:53:52,172 [DEBUG] urllib3.connectionpool: https://api.dropboxapi.com:443 "POST /2/files/get_metadata HTTP/1.1" 200 None
2026-02-14 07:53:52,176 [INFO] dropbox: Request to files/get_metadata
2026-02-14 07:53:52,465 [DEBUG] urllib3.connectionpool: https://api.dropboxapi.com:443 "POST /2/files/get_metadata HTTP/1.1" 200 None
2026-02-14 07:53:52,467 [INFO] dropbox: Request to files/get_metadata
2026-02-14 07:53:52,704 [DEBUG] urllib3.connectionpool: https://api.dropboxapi.com:443 "POST /2/files/get_metadata HTTP/1.1" 200 None
2026-02-14 07:53:52,707 [INFO] dropbox: Request to files/get_metadata
2026-02-14 07:53:52,989 [DEBUG] urllib3.connectionpool: https://api.dropboxapi.com:443 "POST /2/files/get_metadata HTTP/1.1" 200 None
2026-02-14 07:53:52,991 [INFO] dropbox: Request to files/get_metadata
2026-02-14 07:53:53,307 [DEBUG] urllib3.connectionpool: https://api.dropboxapi.com:443 "POST /2/files/get_metadata HTTP/1.1" 200 None
2026-02-14 07:53:53,311 [INFO] dropbox: Request to files/get_metadata
2026-02-14 07:53:53,549 [DEBUG] urllib3.connectionpool: https://api.dropboxapi.com:443 "POST /2/files/get_metadata HTTP/1.1" 200 None
2026-02-14 07:53:53,553 [INFO] dropbox: Request to files/get_metadata
2026-02-14 07:53:53,819 [DEBUG] urllib3.connectionpool: https://api.dropboxapi.com:443 "POST /2/files/get_metadata HTTP/1.1" 200 None
2026-02-14 07:53:53,822 [INFO] dropbox: Request to files/get_metadata
2026-02-14 07:53:54,051 [DEBUG] urllib3.connectionpool: https://api.dropboxapi.com:443 "POST /2/files/get_metadata HTTP/1.1" 200 None
2026-02-14 07:53:54,055 [INFO] dropbox: Request to files/get_metadata
2026-02-14 07:53:54,345 [DEBUG] urllib3.connectionpool: https://api.dropboxapi.com:443 "POST /2/files/get_metadata HTTP/1.1" 200 None
2026-02-14 07:53:54,349 [INFO] dropbox: Request to files/get_metadata
2026-02-14 07:53:54,615 [DEBUG] urllib3.connectionpool: https://api.dropboxapi.com:443 "POST /2/files/get_metadata HTTP/1.1" 200 None
2026-02-14 07:53:54,618 [INFO] dropbox: Request to files/get_metadata
2026-02-14 07:53:54,868 [DEBUG] urllib3.connectionpool: https://api.dropboxapi.com:443 "POST /2/files/get_metadata HTTP/1.1" 200 None
2026-02-14 07:53:54,872 [INFO] dropbox: Request to files/get_metadata
2026-02-14 07:53:55,114 [DEBUG] urllib3.connectionpool: https://api.dropboxapi.com:443 "POST /2/files/get_metadata HTTP/1.1" 200 None
2026-02-14 07:53:55,116 [INFO] dropbox: Request to files/get_metadata
2026-02-14 07:53:55,356 [DEBUG] urllib3.connectionpool: https://api.dropboxapi.com:443 "POST /2/files/get_metadata HTTP/1.1" 200 None
2026-02-14 07:53:55,360 [INFO] dropbox: Request to files/get_metadata
2026-02-14 07:53:55,612 [DEBUG] urllib3.connectionpool: https://api.dropboxapi.com:443 "POST /2/files/get_metadata HTTP/1.1" 200 None
2026-02-14 07:53:55,613 [INFO] dropbox: Request to files/get_metadata
2026-02-14 07:53:55,861 [DEBUG] urllib3.connectionpool: https://api.dropboxapi.com:443 "POST /2/files/get_metadata HTTP/1.1" 200 None
2026-02-14 07:53:55,863 [INFO] dropbox: Request to files/get_metadata
2026-02-14 07:53:56,135 [DEBUG] urllib3.connectionpool: https://api.dropboxapi.com:443 "POST /2/files/get_metadata HTTP/1.1" 200 None
2026-02-14 07:53:56,138 [INFO] dropbox: Request to files/get_metadata
2026-02-14 07:53:56,376 [DEBUG] urllib3.connectionpool: https://api.dropboxapi.com:443 "POST /2/files/get_metadata HTTP/1.1" 200 None
2026-02-14 07:53:56,379 [INFO] dropbox: Request to files/get_metadata
2026-02-14 07:53:56,688 [DEBUG] urllib3.connectionpool: https://api.dropboxapi.com:443 "POST /2/files/get_metadata HTTP/1.1" 200 None
2026-02-14 07:53:56,689 [INFO] werkzeug: 127.0.0.1 - - [14/Feb/2026 07:53:56] "POST /api/set-workshop/check-audio HTTP/1.1" 200 -
